<?xml version="1.0" encoding="UTF-8"?>
<!-- Generated by org.testng.reporters.JUnitXMLReporter -->
<testsuite ignored="1" hostname="LAPTOP-NC0BN7UC" failures="0" tests="1" name="Chrome" time="0.291" errors="0" timestamp="2024-01-16T17:17:09 IST">
  <testcase classname="test.CartAmountTest" name="@BeforeMethod launchBrowser" time="-1.705405629505E9">
    <failure type="org.testng.TestNGException" message="
Parameter &amp;apos;browser&amp;apos; is required by BeforeMethod on method launchBrowser but has not been marked @Optional or defined
in C:\AriseSoftwareAcademy\Naptol\testng.xml">
      <![CDATA[org.testng.TestNGException: 
Parameter 'browser' is required by BeforeMethod on method launchBrowser but has not been marked @Optional or defined
in C:\AriseSoftwareAcademy\Naptol\testng.xml
at java.base/java.util.ArrayList.forEach(ArrayList.java:1511)
... Removed 28 stack frames]]>
    </failure>
  </testcase> <!-- @BeforeMethod launchBrowser -->
  <testcase classname="test.CartAmountTest" name="@AfterTest publishReports" time="0.0">
    <skipped/>
  </testcase> <!-- @AfterTest publishReports -->
  <testcase classname="test.CartAmountTest" name="AddTwoProductsIntoCartAndVerifyIfSumOfUnitPriceAndShippingPriceIsEqualToOrderAmountAndAlsoVerifyIfSumOfOrderAmountIsEqualToCartAmount" time="0.001">
    <skipped/>
  </testcase> <!-- AddTwoProductsIntoCartAndVerifyIfSumOfUnitPriceAndShippingPriceIsEqualToOrderAmountAndAlsoVerifyIfSumOfOrderAmountIsEqualToCartAmount -->
  <testcase classname="test.CartAmountTest" name="addSingleProductToCartAndVerifIfSumOfUnitPriceShippingPriceIsEqualToOrderAmount" time="0.0">
    <ignored/>
  </testcase> <!-- addSingleProductToCartAndVerifIfSumOfUnitPriceShippingPriceIsEqualToOrderAmount -->
</testsuite> <!-- Chrome -->
